<?xml version="1.0" encoding="UTF-8"?>
<!-- Generated by org.testng.reporters.JUnitReportReporter -->
<testsuite skipped="0" hostname="Carmelas-MacBook-Air.local" name="scripts._08_TGWaitsTest" tests="2" failures="0" timestamp="2023-06-05T20:09:07 CDT" time="69.351" errors="0">
  <testcase name="waitForRedBox" time="22.058" classname="scripts._08_TGWaitsTest"/>
  <system-out/>
  <testcase name="waitForBlueBox" time="47.293" classname="scripts._08_TGWaitsTest"/>
  <system-out/>
</testsuite> <!-- scripts._08_TGWaitsTest -->
