<?xml version="1.0" encoding="UTF-8"?>
<!-- Generated by org.testng.reporters.JUnitReportReporter -->
<testsuite skipped="0" hostname="Carmelas-MacBook-Air.local" name="scripts._09_TGCheckboxTest" tests="2" failures="0" timestamp="2023-06-05T20:09:07 CDT" time="25.201" errors="0">
  <testcase name="validateCheckboxes" time="12.468" classname="scripts._09_TGCheckboxTest"/>
  <system-out/>
  <testcase name="checkboxTest2" time="12.733" classname="scripts._09_TGCheckboxTest"/>
  <system-out/>
</testsuite> <!-- scripts._09_TGCheckboxTest -->
