<?xml version="1.0" encoding="UTF-8"?>
<!-- Generated by org.testng.reporters.JUnitReportReporter -->
<testsuite skipped="0" hostname="Carmelas-MacBook-Air.local" name="scripts._17_TGStaticTableTest" tests="4" failures="0" timestamp="2023-06-05T20:09:07 CDT" time="47.819" errors="0">
  <testcase name="validateFirstRow" time="11.693" classname="scripts._17_TGStaticTableTest"/>
  <system-out/>
  <testcase name="validateEachCell" time="12.282" classname="scripts._17_TGStaticTableTest"/>
  <system-out/>
  <testcase name="validateTableHeaders" time="11.932" classname="scripts._17_TGStaticTableTest"/>
  <system-out/>
  <testcase name="validateLastColumn" time="11.912" classname="scripts._17_TGStaticTableTest"/>
  <system-out/>
</testsuite> <!-- scripts._17_TGStaticTableTest -->
