<?xml version="1.0" encoding="UTF-8"?>
<!-- Generated by org.testng.reporters.JUnitReportReporter -->
<testsuite skipped="0" hostname="Carmelas-MacBook-Air.local" name="scripts._06_WikiTest" tests="2" failures="0" timestamp="2023-06-05T20:09:07 CDT" time="19.924" errors="0">
  <testcase name="validateWikiSearch1" time="10.123" classname="scripts._06_WikiTest"/>
  <system-out/>
  <testcase name="validateWikiSearch2" time="9.801" classname="scripts._06_WikiTest"/>
  <system-out/>
</testsuite> <!-- scripts._06_WikiTest -->
