<?xml version="1.0" encoding="UTF-8"?>
<!-- Generated by org.testng.reporters.JUnitReportReporter -->
<testsuite skipped="0" hostname="Carmelas-MacBook-Air.local" name="scripts._10_TGRadioButtonsTest" tests="2" failures="0" timestamp="2023-06-05T20:09:07 CDT" time="24.751" errors="0">
  <testcase name="validatePracticeMore" time="12.433" classname="scripts._10_TGRadioButtonsTest"/>
  <system-out/>
  <testcase name="validateRadioButtons" time="12.318" classname="scripts._10_TGRadioButtonsTest"/>
  <system-out/>
</testsuite> <!-- scripts._10_TGRadioButtonsTest -->
