<?xml version="1.0" encoding="UTF-8"?>
<!-- Generated by org.testng.reporters.JUnitReportReporter -->
<testsuite skipped="0" hostname="Carmelas-MacBook-Air.local" name="scripts._18_TGSortableTableTest" tests="2" failures="0" timestamp="2023-06-05T20:09:07 CDT" time="26.733" errors="0">
  <testcase name="validateSortDscByQuantity" time="12.356" classname="scripts._18_TGSortableTableTest"/>
  <system-out/>
  <testcase name="validateSortAscByQuantity" time="14.377" classname="scripts._18_TGSortableTableTest"/>
  <system-out/>
</testsuite> <!-- scripts._18_TGSortableTableTest -->
