<?xml version="1.0" encoding="UTF-8"?>
<!-- Generated by org.testng.reporters.JUnitReportReporter -->
<testsuite skipped="0" hostname="Carmelas-MacBook-Air.local" name="scripts._11_TGDropdownsTest" tests="4" failures="0" timestamp="2023-06-05T20:09:07 CDT" time="94.395" errors="0">
  <testcase name="dropdownTestCase" time="14.994" classname="scripts._11_TGDropdownsTest"/>
  <system-out/>
  <testcase name="productDeliveryTest" time="54.411" classname="scripts._11_TGDropdownsTest"/>
  <system-out/>
  <testcase name="productDropdownTest" time="12.920" classname="scripts._11_TGDropdownsTest"/>
  <system-out/>
  <testcase name="productColorTest" time="12.070" classname="scripts._11_TGDropdownsTest"/>
  <system-out/>
</testsuite> <!-- scripts._11_TGDropdownsTest -->
