<?xml version="1.0" encoding="UTF-8"?>
<!-- Generated by org.testng.reporters.JUnitReportReporter -->
<testsuite skipped="0" hostname="Carmelas-MacBook-Air.local" name="scripts._02_AppleTest" tests="1" failures="0" timestamp="2023-06-05T20:09:07 CDT" time="15.637" errors="0">
  <testcase name="validateTitleAndUrl" time="15.637" classname="scripts._02_AppleTest"/>
  <system-out/>
</testsuite> <!-- scripts._02_AppleTest -->
