<?xml version="1.0" encoding="UTF-8"?>
<!-- Generated by org.testng.reporters.JUnitReportReporter -->
<testsuite skipped="0" hostname="Carmelas-MacBook-Air.local" name="scripts._01_GoogleTest" tests="3" failures="0" timestamp="2023-06-05T20:09:07 CDT" time="58.988" errors="0">
  <testcase name="validateSearchButton" time="21.378" classname="scripts._01_GoogleTest"/>
  <system-out/>
  <testcase name="validateTitleAndURL" time="18.946" classname="scripts._01_GoogleTest"/>
  <system-out/>
  <testcase name="validateSearchBar" time="18.664" classname="scripts._01_GoogleTest"/>
  <system-out/>
</testsuite> <!-- scripts._01_GoogleTest -->
